[2024-01-11 10:16:12,160 (/home/mm/ws/src/dal-server/utils/threadpool.py:24 - run())] ERROR -> [<function ProcessHandle.mainLoop at 0x7f21c22523a0>((<DAL.RCS.processing_handle.ProcessHandle object at 0x7f217c79dd00>,), {})] Process died (Message: local variable 'task_code_' referenced before assignment)
[2024-01-11 10:18:12,828 (/home/mm/ws/src/dal-server/utils/threadpool.py:24 - run())] ERROR -> [<function ProcessHandle.mainLoop at 0x7fe201eba4c0>((<DAL.RCS.processing_handle.ProcessHandle object at 0x7fe1d44615b0>,), {})] Process died (Message: local variable 'task_code_' referenced before assignment)
[2024-01-11 10:18:17,429 (/home/mm/ws/src/dal-server/utils/threadpool.py:24 - run())] ERROR -> [<function ProcessHandle.mainLoop at 0x7fe201eba4c0>((<DAL.RCS.processing_handle.ProcessHandle object at 0x7fe1d441d820>,), {})] Process died (Message: local variable 'task_code_' referenced before assignment)
[2024-01-11 10:18:36,076 (/home/mm/ws/src/dal-server/utils/threadpool.py:24 - run())] ERROR -> [<function ProcessHandle.mainLoop at 0x7f0d31bc63a0>((<DAL.RCS.processing_handle.ProcessHandle object at 0x7f0d0416b5b0>,), {})] Process died (Message: local variable 'task_code_' referenced before assignment)
[2024-01-11 10:18:52,155 (/home/mm/ws/src/dal-server/utils/threadpool.py:24 - run())] ERROR -> [<function ProcessHandle.mainLoop at 0x7f352489e3a0>((<DAL.RCS.processing_handle.ProcessHandle object at 0x7f34f86483d0>,), {})] Process died (Message: local variable 'task_code_' referenced before assignment)
[2024-01-11 10:20:24,040 (/home/mm/ws/src/dal-server/utils/threadpool.py:24 - run())] ERROR -> [<function ProcessHandle.mainLoop at 0x7f87d7d613a0>((<DAL.RCS.processing_handle.ProcessHandle object at 0x7f87a8b055b0>,), {})] Process died (Message: local variable 'task_code_' referenced before assignment)
[2024-01-11 10:20:26,451 (/home/mm/ws/src/dal-server/utils/threadpool.py:24 - run())] ERROR -> [<function ProcessHandle.mainLoop at 0x7f87d7d613a0>((<DAL.RCS.processing_handle.ProcessHandle object at 0x7f87a82bb850>,), {})] Process died (Message: local variable 'task_code_' referenced before assignment)
[2024-01-11 10:20:41,533 (/home/mm/ws/src/dal-server/utils/threadpool.py:24 - run())] ERROR -> [<function ProcessHandle.mainLoop at 0x7f9dc94ea3a0>((<DAL.RCS.processing_handle.ProcessHandle object at 0x7f9d9c2925b0>,), {})] Process died (Message: local variable 'task_code_' referenced before assignment)
[2024-01-11 10:20:44,456 (/home/mm/ws/src/dal-server/utils/threadpool.py:24 - run())] ERROR -> [<function ProcessHandle.mainLoop at 0x7f9dc94ea3a0>((<DAL.RCS.processing_handle.ProcessHandle object at 0x7f9d9c24e820>,), {})] Process died (Message: local variable 'task_code_' referenced before assignment)
[2024-01-11 10:23:59,351 (/home/mm/ws/src/dal-server/utils/threadpool.py:24 - run())] ERROR -> [<function ProcessHandle.mainLoop at 0x7f12bfe074c0>((<DAL.RCS.processing_handle.ProcessHandle object at 0x7f1290ba9490>,), {})] Process died (Message: local variable 'task_code_' referenced before assignment)
[2024-01-11 10:24:02,960 (/home/mm/ws/src/dal-server/utils/threadpool.py:24 - run())] ERROR -> [<function ProcessHandle.mainLoop at 0x7f12bfe074c0>((<DAL.RCS.processing_handle.ProcessHandle object at 0x7f1290360850>,), {})] Process died (Message: local variable 'task_code_' referenced before assignment)
[2024-01-11 10:46:00,275 (/home/mm/ws/src/dal-server/utils/threadpool.py:24 - run())] ERROR -> [<function ProcessHandle.mainLoop at 0x7f31598324c0>((<DAL.RCS.processing_handle.ProcessHandle object at 0x7f312c5da5b0>,), {})] Process died (Message: 'mission_rcs')
[2024-01-11 10:46:03,775 (/home/mm/ws/src/dal-server/utils/threadpool.py:24 - run())] ERROR -> [<function ProcessHandle.mainLoop at 0x7f31598324c0>((<DAL.RCS.processing_handle.ProcessHandle object at 0x7f312c596820>,), {})] Process died (Message: 'mission_rcs')
[2024-01-11 10:46:38,484 (/home/mm/ws/src/dal-server/utils/threadpool.py:24 - run())] ERROR -> [<function ProcessHandle.mainLoop at 0x7f31598324c0>((<DAL.RCS.processing_handle.ProcessHandle object at 0x7f312c596970>,), {})] Process died (Message: 'mission_rcs')
[2024-01-11 10:47:03,256 (/home/mm/ws/src/dal-server/utils/threadpool.py:24 - run())] ERROR -> [<function ProcessHandle.mainLoop at 0x7f31598324c0>((<DAL.RCS.processing_handle.ProcessHandle object at 0x7f312c59dbb0>,), {})] Process died (Message: 'mission_rcs')
[2024-01-11 10:53:56,152 (/home/mm/ws/src/dal-server/utils/threadpool.py:24 - run())] ERROR -> [<function ProcessHandle.mainLoop at 0x7fa3fe5dd4c0>((<DAL.RCS.processing_handle.ProcessHandle object at 0x7fa3d03815b0>,), {})] Process died (Message: 'mission_rcs')
[2024-01-11 10:54:16,511 (/home/mm/ws/src/dal-server/utils/threadpool.py:24 - run())] ERROR -> [<function ProcessHandle.mainLoop at 0x7f82f648b4c0>((<DAL.RCS.processing_handle.ProcessHandle object at 0x7f82c82315b0>,), {})] Process died (Message: 'mission_rcs')
[2024-01-11 10:54:23,359 (/home/mm/ws/src/dal-server/app/rest_api/__init__.py:214 - inner())] ERROR -> An error occurred: 'mission_code'
[2024-01-11 10:54:25,731 (/home/mm/ws/src/dal-server/utils/threadpool.py:24 - run())] ERROR -> [<function ProcessHandle.mainLoop at 0x7f82f648b4c0>((<DAL.RCS.processing_handle.ProcessHandle object at 0x7f82c81dc760>,), {})] Process died (Message: 'mission_rcs')
[2024-01-11 10:54:29,720 (/home/mm/ws/src/dal-server/utils/threadpool.py:24 - run())] ERROR -> [<function ProcessHandle.mainLoop at 0x7f82f648b4c0>((<DAL.RCS.processing_handle.ProcessHandle object at 0x7f82c8231910>,), {})] Process died (Message: 'mission_rcs')
[2024-01-11 11:07:53,606 (/home/mm/ws/src/dal-server/utils/threadpool.py:24 - run())] ERROR -> [<function ProcessHandle.mainLoop at 0x7f82f648b4c0>((<DAL.RCS.processing_handle.ProcessHandle object at 0x7f82c81f2910>,), {})] Process died (Message: 'mission_rcs')
[2024-01-11 11:18:34,165 (/home/mm/ws/src/dal-server/utils/threadpool.py:24 - run())] ERROR -> [<function ProcessHandle.mainLoop at 0x7fac2b917430>((<DAL.RCS.processing_handle.ProcessHandle object at 0x7fabfc6bb5b0>,), {})] Process died (Message: 'mission_rcs')
[2024-01-11 11:18:39,816 (/home/mm/ws/src/dal-server/utils/threadpool.py:24 - run())] ERROR -> [<function ProcessHandle.mainLoop at 0x7fac2b917430>((<DAL.RCS.processing_handle.ProcessHandle object at 0x7fabfc677820>,), {})] Process died (Message: 'mission_rcs')
[2024-01-11 11:18:45,664 (/home/mm/ws/src/dal-server/app/rest_api/__init__.py:214 - inner())] ERROR -> An error occurred: 'mission_code'
[2024-01-11 11:18:47,413 (/home/mm/ws/src/dal-server/app/rest_api/__init__.py:214 - inner())] ERROR -> An error occurred: 'mission_code'
[2024-01-11 11:19:14,351 (/home/mm/ws/src/dal-server/utils/threadpool.py:24 - run())] ERROR -> [<function ProcessHandle.mainLoop at 0x7f25bdda54c0>((<DAL.RCS.processing_handle.ProcessHandle object at 0x7f259034c5b0>,), {})] Process died (Message: 'mission_rcs')
[2024-01-11 11:19:20,003 (/home/mm/ws/src/dal-server/utils/threadpool.py:24 - run())] ERROR -> [<function ProcessHandle.mainLoop at 0x7f25bdda54c0>((<DAL.RCS.processing_handle.ProcessHandle object at 0x7f2590308820>,), {})] Process died (Message: 'mission_rcs')
[2024-01-11 11:19:41,916 (/home/mm/ws/src/dal-server/app/rest_api/__init__.py:214 - inner())] ERROR -> An error occurred: 'mission_code'
[2024-01-11 11:19:44,227 (/home/mm/ws/src/dal-server/app/rest_api/__init__.py:214 - inner())] ERROR -> An error occurred: 'mission_code'
[2024-01-11 11:19:48,054 (/home/mm/ws/src/dal-server/utils/threadpool.py:24 - run())] ERROR -> [<function ProcessHandle.mainLoop at 0x7f25bdda54c0>((<DAL.RCS.processing_handle.ProcessHandle object at 0x7f25903163d0>,), {})] Process died (Message: 'mission_rcs')
[2024-01-11 11:20:23,031 (/home/mm/ws/src/dal-server/utils/threadpool.py:24 - run())] ERROR -> [<function ProcessHandle.mainLoop at 0x7f25bdda54c0>((<DAL.RCS.processing_handle.ProcessHandle object at 0x7f2590314040>,), {})] Process died (Message: 'mission_rcs')
[2024-01-11 11:20:34,033 (/home/mm/ws/src/dal-server/utils/threadpool.py:24 - run())] ERROR -> [<function ProcessHandle.mainLoop at 0x7f25bdda54c0>((<DAL.RCS.processing_handle.ProcessHandle object at 0x7f25903233a0>,), {})] Process died (Message: 'mission_rcs')
[2024-01-11 11:24:32,313 (/home/mm/ws/src/dal-server/utils/threadpool.py:24 - run())] ERROR -> [<function ProcessHandle.mainLoop at 0x7f25bdda54c0>((<DAL.RCS.processing_handle.ProcessHandle object at 0x7f2590308190>,), {})] Process died (Message: 'NoneType' object is not subscriptable)
[2024-01-11 11:26:21,499 (main.py:97 - start())] ERROR -> [Errno 98] Address already in use
[2024-01-11 12:16:56,162 (/home/mm/ws/src/dal-server/app/rest_api/__init__.py:214 - inner())] ERROR -> An error occurred: 'mission_code'
[2024-01-11 12:18:30,237 (/home/mm/ws/src/dal-server/utils/threadpool.py:24 - run())] ERROR -> [<function ProcessHandle.mainLoop at 0x7ffa137184c0>((<DAL.RCS.processing_handle.ProcessHandle object at 0x7ff9e4486cd0>,), {})] Process died (Message: 'NoneType' object is not subscriptable)
[2024-01-11 14:01:31,534 (/home/mm/ws/src/dal-server/utils/threadpool.py:24 - run())] ERROR -> [<function ProcessHandle.mainLoop at 0x7f30f1fd23a0>((<DAL.RCS.processing_handle.ProcessHandle object at 0x7f30c4549760>,), {})] Process died (Message: 'NoneType' object is not subscriptable)
[2024-01-11 14:59:19,153 (/home/mm/ws/src/dal-server/utils/threadpool.py:24 - run())] ERROR -> [<function ProcessHandle.mainLoop at 0x7fadff3e1550>((<DAL.RCS.processing_handle.ProcessHandle object at 0x7fadd01825b0>,), {})] Process died (Message: 'NoneType' object is not subscriptable)
[2024-01-11 15:28:22,735 (main.py:97 - start())] ERROR -> [Errno 98] Address already in use
[2024-01-11 15:28:25,738 (main.py:97 - start())] ERROR -> [Errno 98] Address already in use
[2024-01-11 15:29:57,464 (main.py:97 - start())] ERROR -> [Errno 98] Address already in use
[2024-01-11 15:30:00,472 (main.py:97 - start())] ERROR -> [Errno 98] Address already in use
[2024-01-11 15:47:12,146 (main.py:97 - start())] ERROR -> [Errno 98] Address already in use
[2024-01-11 15:47:15,151 (main.py:97 - start())] ERROR -> [Errno 98] Address already in use
[2024-01-11 15:48:29,883 (/home/mm/ws/src/dal-server/utils/threadpool.py:24 - run())] ERROR -> [<function DALServer.checkMission at 0x7fbce03b2dc0>((<DAL.main.DALServer object at 0x7fbcdca628b0>,), {})] Process died (Message: list indices must be integers or slices, not str)
[2024-01-11 15:49:08,392 (/home/mm/ws/src/dal-server/utils/threadpool.py:24 - run())] ERROR -> [<function DALServer.checkMission at 0x7f35df820e50>((<DAL.main.DALServer object at 0x7f35dc6d28b0>,), {})] Process died (Message: list index out of range)
[2024-01-11 16:04:16,790 (/home/mm/ws/src/dal-server/utils/threadpool.py:24 - run())] ERROR -> [<function DALServer.checkMission at 0x7fbbe9b36d30>((<DAL.main.DALServer object at 0x7fbbe81eb8e0>,), {})] Process died (Message: object of type 'NoneType' has no len())
[2024-01-11 16:10:31,147 (/home/mm/ws/src/dal-server/utils/threadpool.py:24 - run())] ERROR -> [<function DALServer.checkMission at 0x7f2be5ab7d30>((<DAL.main.DALServer object at 0x7f2be416b8e0>,), {})] Process died (Message: object of type 'NoneType' has no len())
[2024-01-11 16:10:47,176 (/home/mm/ws/src/dal-server/utils/threadpool.py:24 - run())] ERROR -> [<function DALServer.checkMission at 0x7f3dadd32d30>((<DAL.main.DALServer object at 0x7f3dac3eb8e0>,), {})] Process died (Message: object of type 'NoneType' has no len())
[2024-01-11 16:12:35,802 (/home/mm/ws/src/dal-server/utils/threadpool.py:24 - run())] ERROR -> [<function DALServer.checkMission at 0x7f4ffd091d30>((<DAL.main.DALServer object at 0x7f4ffc74b8e0>,), {})] Process died (Message: object of type 'NoneType' has no len())
[2024-01-11 16:12:39,429 (main.py:97 - start())] ERROR -> [Errno 98] Address already in use
[2024-01-11 16:12:41,162 (/home/mm/ws/src/dal-server/utils/threadpool.py:24 - run())] ERROR -> [<function DALServer.checkMission at 0x7fac4969dd30>((<DAL.main.DALServer object at 0x7fac485568e0>,), {})] Process died (Message: string indices must be integers)
[2024-01-11 16:24:02,133 (/home/mm/ws/src/dal-server/utils/threadpool.py:24 - run())] ERROR -> [<function DALServer.checkMission at 0x7f2930ba1dc0>((<DAL.main.DALServer object at 0x7f29302568e0>,), {})] Process died (Message: object of type 'NoneType' has no len())
[2024-01-11 17:41:34,073 (/home/mm/ws/src/dal-server/utils/threadpool.py:24 - run())] ERROR -> [<function ProcessHandle.mainLoop at 0x7f295c4b4550>((<DAL.RCS.processing_handle.ProcessHandle object at 0x7f29301cd460>,), {})] Process died (Message: 'NoneType' object is not subscriptable)
